<?xml version="1.0" encoding="UTF-8"?>
<!-- Generated by org.testng.reporters.JUnitReportReporter -->
<testsuite hostname="TAIPEI" name="TestClass" tests="1" failures="0" timestamp="14 Aug 2017 15:10:50 GMT" time="0.001" errors="0">
  <testcase name="testMethod1" time="0.001" classname="TestClass"/>
</testsuite> <!-- TestClass -->
