<?xml version="1.0" encoding="UTF-8"?>
<!-- Generated by org.testng.reporters.JUnitReportReporter -->
<testsuite hostname="TAIPEI" name="TestClass2" tests="1" failures="0" timestamp="14 Aug 2017 15:10:50 GMT" time="0.000" errors="0">
  <testcase name="testMethod3" time="0.000" classname="TestClass2"/>
</testsuite> <!-- TestClass2 -->
